<?xml version="1.0" encoding="UTF-8"?>
<coverage generated="1537196109205" clover="3.2.0">
  <project timestamp="1537196109205" name="All files">
    <metrics statements="51" coveredstatements="51" conditionals="42" coveredconditionals="35" methods="8" coveredmethods="8" elements="101" coveredelements="94" complexity="0" loc="51" ncloc="51" packages="5" files="5" classes="5">
      <package name="init">
        <metrics statements="10" coveredstatements="10" conditionals="14" coveredconditionals="14" methods="1" coveredmethods="1"/>
        <file name="init.js" path="/Users/aurelio.merenda/Projects/analytics-adapter/src/init/init.js">
          <metrics statements="10" coveredstatements="10" conditionals="14" coveredconditionals="14" methods="1" coveredmethods="1"/>
          <line num="65" count="20" type="cond" truecount="2" falsecount="0"/>
          <line num="66" count="19" type="cond" truecount="2" falsecount="0"/>
          <line num="67" count="13" type="stmt"/>
          <line num="70" count="19" type="cond" truecount="2" falsecount="0"/>
          <line num="71" count="6" type="stmt"/>
          <line num="73" count="19" type="cond" truecount="2" falsecount="0"/>
          <line num="74" count="18" type="stmt"/>
          <line num="82" count="19" type="cond" truecount="2" falsecount="0"/>
          <line num="83" count="13" type="stmt"/>
          <line num="87" count="20" type="stmt"/>
        </file>
      </package>
      <package name="setDimension">
        <metrics statements="7" coveredstatements="7" conditionals="4" coveredconditionals="3" methods="2" coveredmethods="2"/>
        <file name="setDimension.js" path="/Users/aurelio.merenda/Projects/analytics-adapter/src/setDimension/setDimension.js">
          <metrics statements="7" coveredstatements="7" conditionals="4" coveredconditionals="3" methods="2" coveredmethods="2"/>
          <line num="32" count="3" type="cond" truecount="1" falsecount="1"/>
          <line num="33" count="3" type="stmt"/>
          <line num="34" count="4" type="stmt"/>
          <line num="35" count="4" type="stmt"/>
          <line num="37" count="4" type="stmt"/>
          <line num="39" count="4" type="cond" truecount="2" falsecount="0"/>
          <line num="40" count="3" type="stmt"/>
        </file>
      </package>
      <package name="setId">
        <metrics statements="4" coveredstatements="4" conditionals="4" coveredconditionals="4" methods="1" coveredmethods="1"/>
        <file name="setId.js" path="/Users/aurelio.merenda/Projects/analytics-adapter/src/setId/setId.js">
          <metrics statements="4" coveredstatements="4" conditionals="4" coveredconditionals="4" methods="1" coveredmethods="1"/>
          <line num="13" count="3" type="cond" truecount="2" falsecount="0"/>
          <line num="14" count="2" type="stmt"/>
          <line num="16" count="2" type="cond" truecount="2" falsecount="0"/>
          <line num="17" count="1" type="stmt"/>
        </file>
      </package>
      <package name="trackEvent">
        <metrics statements="17" coveredstatements="17" conditionals="12" coveredconditionals="8" methods="2" coveredmethods="2"/>
        <file name="trackEvent.js" path="/Users/aurelio.merenda/Projects/analytics-adapter/src/trackEvent/trackEvent.js">
          <metrics statements="17" coveredstatements="17" conditionals="12" coveredconditionals="8" methods="2" coveredmethods="2"/>
          <line num="30" count="3" type="stmt"/>
          <line num="35" count="3" type="cond" truecount="1" falsecount="1"/>
          <line num="36" count="3" type="stmt"/>
          <line num="38" count="3" type="cond" truecount="1" falsecount="1"/>
          <line num="39" count="3" type="stmt"/>
          <line num="41" count="3" type="cond" truecount="1" falsecount="1"/>
          <line num="42" count="3" type="stmt"/>
          <line num="44" count="3" type="cond" truecount="1" falsecount="1"/>
          <line num="45" count="3" type="stmt"/>
          <line num="47" count="3" type="cond" truecount="2" falsecount="0"/>
          <line num="48" count="1" type="stmt"/>
          <line num="49" count="2" type="stmt"/>
          <line num="50" count="2" type="stmt"/>
          <line num="51" count="2" type="stmt"/>
          <line num="55" count="3" type="stmt"/>
          <line num="57" count="3" type="cond" truecount="2" falsecount="0"/>
          <line num="58" count="2" type="stmt"/>
        </file>
      </package>
      <package name="trackPage">
        <metrics statements="13" coveredstatements="13" conditionals="8" coveredconditionals="6" methods="2" coveredmethods="2"/>
        <file name="trackPage.js" path="/Users/aurelio.merenda/Projects/analytics-adapter/src/trackPage/trackPage.js">
          <metrics statements="13" coveredstatements="13" conditionals="8" coveredconditionals="6" methods="2" coveredmethods="2"/>
          <line num="27" count="3" type="stmt"/>
          <line num="32" count="3" type="cond" truecount="1" falsecount="1"/>
          <line num="33" count="3" type="stmt"/>
          <line num="35" count="3" type="cond" truecount="1" falsecount="1"/>
          <line num="36" count="3" type="stmt"/>
          <line num="38" count="3" type="cond" truecount="2" falsecount="0"/>
          <line num="39" count="1" type="stmt"/>
          <line num="40" count="2" type="stmt"/>
          <line num="41" count="2" type="stmt"/>
          <line num="42" count="2" type="stmt"/>
          <line num="46" count="3" type="stmt"/>
          <line num="48" count="3" type="cond" truecount="2" falsecount="0"/>
          <line num="49" count="2" type="stmt"/>
        </file>
      </package>
    </metrics>
  </project>
</coverage>
