<?xml version="1.0" encoding="UTF-8"?>
<coverage generated="1536654758178" clover="3.2.0">
  <project timestamp="1536654758179" name="All files">
    <metrics statements="51" coveredstatements="51" conditionals="42" coveredconditionals="35" methods="8" coveredmethods="8" elements="101" coveredelements="94" complexity="0" loc="51" ncloc="51" packages="5" files="5" classes="5">
      <package name="init">
        <metrics statements="10" coveredstatements="10" conditionals="14" coveredconditionals="14" methods="1" coveredmethods="1"/>
        <file name="init.js" path="/Users/davide.gheri/Code/analytics-adapter/src/init/init.js">
          <metrics statements="10" coveredstatements="10" conditionals="14" coveredconditionals="14" methods="1" coveredmethods="1"/>
          <line num="4" count="20" type="cond" truecount="2" falsecount="0"/>
          <line num="5" count="19" type="cond" truecount="2" falsecount="0"/>
          <line num="6" count="13" type="stmt"/>
          <line num="9" count="19" type="cond" truecount="2" falsecount="0"/>
          <line num="10" count="6" type="stmt"/>
          <line num="12" count="19" type="cond" truecount="2" falsecount="0"/>
          <line num="13" count="18" type="stmt"/>
          <line num="21" count="19" type="cond" truecount="2" falsecount="0"/>
          <line num="22" count="13" type="stmt"/>
          <line num="26" count="20" type="stmt"/>
        </file>
      </package>
      <package name="setDimension">
        <metrics statements="7" coveredstatements="7" conditionals="4" coveredconditionals="3" methods="2" coveredmethods="2"/>
        <file name="setDimension.js" path="/Users/davide.gheri/Code/analytics-adapter/src/setDimension/setDimension.js">
          <metrics statements="7" coveredstatements="7" conditionals="4" coveredconditionals="3" methods="2" coveredmethods="2"/>
          <line num="5" count="3" type="cond" truecount="1" falsecount="1"/>
          <line num="6" count="3" type="stmt"/>
          <line num="7" count="4" type="stmt"/>
          <line num="8" count="4" type="stmt"/>
          <line num="10" count="4" type="stmt"/>
          <line num="12" count="4" type="cond" truecount="2" falsecount="0"/>
          <line num="13" count="3" type="stmt"/>
        </file>
      </package>
      <package name="setId">
        <metrics statements="4" coveredstatements="4" conditionals="4" coveredconditionals="4" methods="1" coveredmethods="1"/>
        <file name="setId.js" path="/Users/davide.gheri/Code/analytics-adapter/src/setId/setId.js">
          <metrics statements="4" coveredstatements="4" conditionals="4" coveredconditionals="4" methods="1" coveredmethods="1"/>
          <line num="4" count="3" type="cond" truecount="2" falsecount="0"/>
          <line num="5" count="2" type="stmt"/>
          <line num="7" count="2" type="cond" truecount="2" falsecount="0"/>
          <line num="8" count="1" type="stmt"/>
        </file>
      </package>
      <package name="trackEvent">
        <metrics statements="17" coveredstatements="17" conditionals="12" coveredconditionals="8" methods="2" coveredmethods="2"/>
        <file name="trackEvent.js" path="/Users/davide.gheri/Code/analytics-adapter/src/trackEvent/trackEvent.js">
          <metrics statements="17" coveredstatements="17" conditionals="12" coveredconditionals="8" methods="2" coveredmethods="2"/>
          <line num="4" count="3" type="stmt"/>
          <line num="9" count="3" type="cond" truecount="1" falsecount="1"/>
          <line num="10" count="3" type="stmt"/>
          <line num="12" count="3" type="cond" truecount="1" falsecount="1"/>
          <line num="13" count="3" type="stmt"/>
          <line num="15" count="3" type="cond" truecount="1" falsecount="1"/>
          <line num="16" count="3" type="stmt"/>
          <line num="18" count="3" type="cond" truecount="1" falsecount="1"/>
          <line num="19" count="3" type="stmt"/>
          <line num="21" count="3" type="cond" truecount="2" falsecount="0"/>
          <line num="22" count="1" type="stmt"/>
          <line num="23" count="2" type="stmt"/>
          <line num="24" count="2" type="stmt"/>
          <line num="25" count="2" type="stmt"/>
          <line num="29" count="3" type="stmt"/>
          <line num="31" count="3" type="cond" truecount="2" falsecount="0"/>
          <line num="32" count="2" type="stmt"/>
        </file>
      </package>
      <package name="trackPage">
        <metrics statements="13" coveredstatements="13" conditionals="8" coveredconditionals="6" methods="2" coveredmethods="2"/>
        <file name="trackPage.js" path="/Users/davide.gheri/Code/analytics-adapter/src/trackPage/trackPage.js">
          <metrics statements="13" coveredstatements="13" conditionals="8" coveredconditionals="6" methods="2" coveredmethods="2"/>
          <line num="8" count="3" type="stmt"/>
          <line num="13" count="3" type="cond" truecount="1" falsecount="1"/>
          <line num="14" count="3" type="stmt"/>
          <line num="16" count="3" type="cond" truecount="1" falsecount="1"/>
          <line num="17" count="3" type="stmt"/>
          <line num="19" count="3" type="cond" truecount="2" falsecount="0"/>
          <line num="20" count="1" type="stmt"/>
          <line num="21" count="2" type="stmt"/>
          <line num="22" count="2" type="stmt"/>
          <line num="23" count="2" type="stmt"/>
          <line num="27" count="3" type="stmt"/>
          <line num="29" count="3" type="cond" truecount="2" falsecount="0"/>
          <line num="30" count="2" type="stmt"/>
        </file>
      </package>
    </metrics>
  </project>
</coverage>
