{"/Users/davide.gheri/Code/analytics-adapter/_old/src/main.js": {"path":"/Users/davide.gheri/Code/analytics-adapter/_old/src/main.js","statementMap":{"0":{"start":{"line":8,"column":0},"end":{"line":283,"column":2}},"1":{"start":{"line":10,"column":21},"end":{"line":10,"column":23}},"2":{"start":{"line":11,"column":18},"end":{"line":11,"column":22}},"3":{"start":{"line":12,"column":17},"end":{"line":18,"column":5}},"4":{"start":{"line":89,"column":4},"end":{"line":105,"column":6}},"5":{"start":{"line":90,"column":8},"end":{"line":102,"column":9}},"6":{"start":{"line":91,"column":12},"end":{"line":93,"column":13}},"7":{"start":{"line":92,"column":16},"end":{"line":92,"column":48}},"8":{"start":{"line":94,"column":12},"end":{"line":96,"column":13}},"9":{"start":{"line":95,"column":16},"end":{"line":95,"column":42}},"10":{"start":{"line":99,"column":12},"end":{"line":101,"column":13}},"11":{"start":{"line":100,"column":16},"end":{"line":100,"column":40}},"12":{"start":{"line":104,"column":8},"end":{"line":104,"column":46}},"13":{"start":{"line":116,"column":4},"end":{"line":124,"column":6}},"14":{"start":{"line":117,"column":8},"end":{"line":123,"column":9}},"15":{"start":{"line":118,"column":12},"end":{"line":118,"column":57}},"16":{"start":{"line":120,"column":12},"end":{"line":122,"column":13}},"17":{"start":{"line":121,"column":16},"end":{"line":121,"column":45}},"18":{"start":{"line":158,"column":4},"end":{"line":174,"column":6}},"19":{"start":{"line":160,"column":8},"end":{"line":173,"column":9}},"20":{"start":{"line":161,"column":12},"end":{"line":172,"column":13}},"21":{"start":{"line":162,"column":16},"end":{"line":171,"column":17}},"22":{"start":{"line":163,"column":20},"end":{"line":163,"column":43}},"23":{"start":{"line":164,"column":20},"end":{"line":164,"column":46}},"24":{"start":{"line":166,"column":20},"end":{"line":166,"column":81}},"25":{"start":{"line":168,"column":20},"end":{"line":170,"column":21}},"26":{"start":{"line":169,"column":24},"end":{"line":169,"column":68}},"27":{"start":{"line":190,"column":4},"end":{"line":217,"column":6}},"28":{"start":{"line":191,"column":25},"end":{"line":193,"column":9}},"29":{"start":{"line":196,"column":8},"end":{"line":198,"column":9}},"30":{"start":{"line":197,"column":12},"end":{"line":197,"column":43}},"31":{"start":{"line":199,"column":8},"end":{"line":201,"column":9}},"32":{"start":{"line":200,"column":12},"end":{"line":200,"column":45}},"33":{"start":{"line":202,"column":8},"end":{"line":210,"column":9}},"34":{"start":{"line":203,"column":12},"end":{"line":209,"column":13}},"35":{"start":{"line":204,"column":16},"end":{"line":208,"column":17}},"36":{"start":{"line":205,"column":20},"end":{"line":205,"column":43}},"37":{"start":{"line":206,"column":20},"end":{"line":206,"column":52}},"38":{"start":{"line":207,"column":20},"end":{"line":207,"column":59}},"39":{"start":{"line":212,"column":8},"end":{"line":212,"column":69}},"40":{"start":{"line":214,"column":8},"end":{"line":216,"column":9}},"41":{"start":{"line":215,"column":12},"end":{"line":215,"column":42}},"42":{"start":{"line":249,"column":4},"end":{"line":282,"column":6}},"43":{"start":{"line":250,"column":25},"end":{"line":252,"column":9}},"44":{"start":{"line":255,"column":8},"end":{"line":257,"column":9}},"45":{"start":{"line":256,"column":12},"end":{"line":256,"column":56}},"46":{"start":{"line":258,"column":8},"end":{"line":260,"column":9}},"47":{"start":{"line":259,"column":12},"end":{"line":259,"column":52}},"48":{"start":{"line":261,"column":8},"end":{"line":263,"column":9}},"49":{"start":{"line":262,"column":12},"end":{"line":262,"column":50}},"50":{"start":{"line":264,"column":8},"end":{"line":266,"column":9}},"51":{"start":{"line":265,"column":12},"end":{"line":265,"column":50}},"52":{"start":{"line":267,"column":8},"end":{"line":275,"column":9}},"53":{"start":{"line":268,"column":12},"end":{"line":274,"column":13}},"54":{"start":{"line":269,"column":16},"end":{"line":273,"column":17}},"55":{"start":{"line":270,"column":20},"end":{"line":270,"column":43}},"56":{"start":{"line":271,"column":20},"end":{"line":271,"column":52}},"57":{"start":{"line":272,"column":20},"end":{"line":272,"column":59}},"58":{"start":{"line":277,"column":8},"end":{"line":277,"column":66}},"59":{"start":{"line":279,"column":8},"end":{"line":281,"column":9}},"60":{"start":{"line":280,"column":12},"end":{"line":280,"column":42}}},"fnMap":{"0":{"name":"(anonymous_0)","decl":{"start":{"line":8,"column":21},"end":{"line":8,"column":22}},"loc":{"start":{"line":8,"column":31},"end":{"line":283,"column":1}},"line":8},"1":{"name":"(anonymous_1)","decl":{"start":{"line":13,"column":15},"end":{"line":13,"column":16}},"loc":{"start":{"line":13,"column":25},"end":{"line":13,"column":27}},"line":13},"2":{"name":"(anonymous_2)","decl":{"start":{"line":14,"column":13},"end":{"line":14,"column":14}},"loc":{"start":{"line":14,"column":23},"end":{"line":14,"column":25}},"line":14},"3":{"name":"(anonymous_3)","decl":{"start":{"line":15,"column":14},"end":{"line":15,"column":15}},"loc":{"start":{"line":15,"column":24},"end":{"line":15,"column":26}},"line":15},"4":{"name":"(anonymous_4)","decl":{"start":{"line":16,"column":14},"end":{"line":16,"column":15}},"loc":{"start":{"line":16,"column":24},"end":{"line":16,"column":26}},"line":16},"5":{"name":"(anonymous_5)","decl":{"start":{"line":17,"column":15},"end":{"line":17,"column":16}},"loc":{"start":{"line":17,"column":25},"end":{"line":17,"column":27}},"line":17},"6":{"name":"(anonymous_6)","decl":{"start":{"line":89,"column":16},"end":{"line":89,"column":17}},"loc":{"start":{"line":89,"column":34},"end":{"line":105,"column":5}},"line":89},"7":{"name":"(anonymous_7)","decl":{"start":{"line":116,"column":17},"end":{"line":116,"column":18}},"loc":{"start":{"line":116,"column":29},"end":{"line":124,"column":5}},"line":116},"8":{"name":"(anonymous_8)","decl":{"start":{"line":158,"column":24},"end":{"line":158,"column":25}},"loc":{"start":{"line":158,"column":46},"end":{"line":174,"column":5}},"line":158},"9":{"name":"(anonymous_9)","decl":{"start":{"line":190,"column":21},"end":{"line":190,"column":22}},"loc":{"start":{"line":190,"column":38},"end":{"line":217,"column":5}},"line":190},"10":{"name":"(anonymous_10)","decl":{"start":{"line":249,"column":22},"end":{"line":249,"column":23}},"loc":{"start":{"line":249,"column":39},"end":{"line":282,"column":5}},"line":249}},"branchMap":{"0":{"loc":{"start":{"line":90,"column":8},"end":{"line":102,"column":9}},"type":"if","locations":[{"start":{"line":90,"column":8},"end":{"line":102,"column":9}},{"start":{"line":90,"column":8},"end":{"line":102,"column":9}}],"line":90},"1":{"loc":{"start":{"line":91,"column":12},"end":{"line":93,"column":13}},"type":"if","locations":[{"start":{"line":91,"column":12},"end":{"line":93,"column":13}},{"start":{"line":91,"column":12},"end":{"line":93,"column":13}}],"line":91},"2":{"loc":{"start":{"line":94,"column":12},"end":{"line":96,"column":13}},"type":"if","locations":[{"start":{"line":94,"column":12},"end":{"line":96,"column":13}},{"start":{"line":94,"column":12},"end":{"line":96,"column":13}}],"line":94},"3":{"loc":{"start":{"line":99,"column":12},"end":{"line":101,"column":13}},"type":"if","locations":[{"start":{"line":99,"column":12},"end":{"line":101,"column":13}},{"start":{"line":99,"column":12},"end":{"line":101,"column":13}}],"line":99},"4":{"loc":{"start":{"line":117,"column":8},"end":{"line":123,"column":9}},"type":"if","locations":[{"start":{"line":117,"column":8},"end":{"line":123,"column":9}},{"start":{"line":117,"column":8},"end":{"line":123,"column":9}}],"line":117},"5":{"loc":{"start":{"line":120,"column":12},"end":{"line":122,"column":13}},"type":"if","locations":[{"start":{"line":120,"column":12},"end":{"line":122,"column":13}},{"start":{"line":120,"column":12},"end":{"line":122,"column":13}}],"line":120},"6":{"loc":{"start":{"line":160,"column":8},"end":{"line":173,"column":9}},"type":"if","locations":[{"start":{"line":160,"column":8},"end":{"line":173,"column":9}},{"start":{"line":160,"column":8},"end":{"line":173,"column":9}}],"line":160},"7":{"loc":{"start":{"line":162,"column":16},"end":{"line":171,"column":17}},"type":"if","locations":[{"start":{"line":162,"column":16},"end":{"line":171,"column":17}},{"start":{"line":162,"column":16},"end":{"line":171,"column":17}}],"line":162},"8":{"loc":{"start":{"line":168,"column":20},"end":{"line":170,"column":21}},"type":"if","locations":[{"start":{"line":168,"column":20},"end":{"line":170,"column":21}},{"start":{"line":168,"column":20},"end":{"line":170,"column":21}}],"line":168},"9":{"loc":{"start":{"line":196,"column":8},"end":{"line":198,"column":9}},"type":"if","locations":[{"start":{"line":196,"column":8},"end":{"line":198,"column":9}},{"start":{"line":196,"column":8},"end":{"line":198,"column":9}}],"line":196},"10":{"loc":{"start":{"line":199,"column":8},"end":{"line":201,"column":9}},"type":"if","locations":[{"start":{"line":199,"column":8},"end":{"line":201,"column":9}},{"start":{"line":199,"column":8},"end":{"line":201,"column":9}}],"line":199},"11":{"loc":{"start":{"line":202,"column":8},"end":{"line":210,"column":9}},"type":"if","locations":[{"start":{"line":202,"column":8},"end":{"line":210,"column":9}},{"start":{"line":202,"column":8},"end":{"line":210,"column":9}}],"line":202},"12":{"loc":{"start":{"line":204,"column":16},"end":{"line":208,"column":17}},"type":"if","locations":[{"start":{"line":204,"column":16},"end":{"line":208,"column":17}},{"start":{"line":204,"column":16},"end":{"line":208,"column":17}}],"line":204},"13":{"loc":{"start":{"line":214,"column":8},"end":{"line":216,"column":9}},"type":"if","locations":[{"start":{"line":214,"column":8},"end":{"line":216,"column":9}},{"start":{"line":214,"column":8},"end":{"line":216,"column":9}}],"line":214},"14":{"loc":{"start":{"line":255,"column":8},"end":{"line":257,"column":9}},"type":"if","locations":[{"start":{"line":255,"column":8},"end":{"line":257,"column":9}},{"start":{"line":255,"column":8},"end":{"line":257,"column":9}}],"line":255},"15":{"loc":{"start":{"line":258,"column":8},"end":{"line":260,"column":9}},"type":"if","locations":[{"start":{"line":258,"column":8},"end":{"line":260,"column":9}},{"start":{"line":258,"column":8},"end":{"line":260,"column":9}}],"line":258},"16":{"loc":{"start":{"line":261,"column":8},"end":{"line":263,"column":9}},"type":"if","locations":[{"start":{"line":261,"column":8},"end":{"line":263,"column":9}},{"start":{"line":261,"column":8},"end":{"line":263,"column":9}}],"line":261},"17":{"loc":{"start":{"line":264,"column":8},"end":{"line":266,"column":9}},"type":"if","locations":[{"start":{"line":264,"column":8},"end":{"line":266,"column":9}},{"start":{"line":264,"column":8},"end":{"line":266,"column":9}}],"line":264},"18":{"loc":{"start":{"line":267,"column":8},"end":{"line":275,"column":9}},"type":"if","locations":[{"start":{"line":267,"column":8},"end":{"line":275,"column":9}},{"start":{"line":267,"column":8},"end":{"line":275,"column":9}}],"line":267},"19":{"loc":{"start":{"line":269,"column":16},"end":{"line":273,"column":17}},"type":"if","locations":[{"start":{"line":269,"column":16},"end":{"line":273,"column":17}},{"start":{"line":269,"column":16},"end":{"line":273,"column":17}}],"line":269},"20":{"loc":{"start":{"line":279,"column":8},"end":{"line":281,"column":9}},"type":"if","locations":[{"start":{"line":279,"column":8},"end":{"line":281,"column":9}},{"start":{"line":279,"column":8},"end":{"line":281,"column":9}}],"line":279}},"s":{"0":1,"1":1,"2":1,"3":1,"4":1,"5":12,"6":12,"7":12,"8":12,"9":12,"10":12,"11":12,"12":12,"13":1,"14":3,"15":2,"16":2,"17":2,"18":1,"19":5,"20":5,"21":6,"22":6,"23":6,"24":6,"25":6,"26":6,"27":1,"28":2,"29":2,"30":2,"31":2,"32":2,"33":2,"34":2,"35":4,"36":4,"37":4,"38":4,"39":2,"40":2,"41":2,"42":1,"43":2,"44":2,"45":2,"46":2,"47":2,"48":2,"49":2,"50":2,"51":2,"52":2,"53":2,"54":4,"55":4,"56":4,"57":4,"58":2,"59":2,"60":2},"f":{"0":1,"1":0,"2":0,"3":0,"4":0,"5":0,"6":12,"7":3,"8":5,"9":2,"10":2},"b":{"0":[12,0],"1":[12,0],"2":[12,0],"3":[12,0],"4":[2,1],"5":[2,0],"6":[5,0],"7":[6,0],"8":[6,0],"9":[2,0],"10":[2,0],"11":[2,0],"12":[4,0],"13":[2,0],"14":[2,0],"15":[2,0],"16":[2,0],"17":[2,0],"18":[2,0],"19":[4,0],"20":[2,0]},"_coverageSchema":"332fd63041d2c1bcb487cc26dd0d5f7d97098a6c","hash":"cdf7b03f22df9acbec43f7ca6d009797eb4b2189"}
,"/Users/davide.gheri/Code/analytics-adapter/src/global.js": {"path":"/Users/davide.gheri/Code/analytics-adapter/src/global.js","statementMap":{},"fnMap":{"0":{"name":"(anonymous_0)","decl":{"start":{"line":6,"column":15},"end":{"line":6,"column":16}},"loc":{"start":{"line":6,"column":21},"end":{"line":6,"column":23}},"line":6},"1":{"name":"(anonymous_1)","decl":{"start":{"line":7,"column":13},"end":{"line":7,"column":14}},"loc":{"start":{"line":7,"column":19},"end":{"line":7,"column":21}},"line":7},"2":{"name":"(anonymous_2)","decl":{"start":{"line":8,"column":14},"end":{"line":8,"column":15}},"loc":{"start":{"line":8,"column":20},"end":{"line":8,"column":22}},"line":8},"3":{"name":"(anonymous_3)","decl":{"start":{"line":9,"column":14},"end":{"line":9,"column":15}},"loc":{"start":{"line":9,"column":20},"end":{"line":9,"column":22}},"line":9},"4":{"name":"(anonymous_4)","decl":{"start":{"line":10,"column":15},"end":{"line":10,"column":16}},"loc":{"start":{"line":10,"column":21},"end":{"line":10,"column":23}},"line":10}},"branchMap":{},"s":{},"f":{"0":0,"1":0,"2":0,"3":0,"4":0},"b":{},"_coverageSchema":"332fd63041d2c1bcb487cc26dd0d5f7d97098a6c","hash":"cf3a58812259341bd7aa7d16610fbca704a0a118"}
,"/Users/davide.gheri/Code/analytics-adapter/src/init/init.js": {"path":"/Users/davide.gheri/Code/analytics-adapter/src/init/init.js","statementMap":{"0":{"start":{"line":4,"column":4},"end":{"line":24,"column":5}},"1":{"start":{"line":5,"column":8},"end":{"line":7,"column":9}},"2":{"start":{"line":6,"column":12},"end":{"line":6,"column":35}},"3":{"start":{"line":9,"column":8},"end":{"line":11,"column":9}},"4":{"start":{"line":10,"column":12},"end":{"line":10,"column":51}},"5":{"start":{"line":12,"column":8},"end":{"line":19,"column":9}},"6":{"start":{"line":13,"column":12},"end":{"line":18,"column":14}},"7":{"start":{"line":21,"column":8},"end":{"line":23,"column":9}},"8":{"start":{"line":22,"column":12},"end":{"line":22,"column":43}},"9":{"start":{"line":26,"column":4},"end":{"line":26,"column":58}}},"fnMap":{"0":{"name":"(anonymous_0)","decl":{"start":{"line":3,"column":15},"end":{"line":3,"column":16}},"loc":{"start":{"line":3,"column":28},"end":{"line":27,"column":1}},"line":3}},"branchMap":{"0":{"loc":{"start":{"line":4,"column":4},"end":{"line":24,"column":5}},"type":"if","locations":[{"start":{"line":4,"column":4},"end":{"line":24,"column":5}},{"start":{"line":4,"column":4},"end":{"line":24,"column":5}}],"line":4},"1":{"loc":{"start":{"line":5,"column":8},"end":{"line":7,"column":9}},"type":"if","locations":[{"start":{"line":5,"column":8},"end":{"line":7,"column":9}},{"start":{"line":5,"column":8},"end":{"line":7,"column":9}}],"line":5},"2":{"loc":{"start":{"line":9,"column":8},"end":{"line":11,"column":9}},"type":"if","locations":[{"start":{"line":9,"column":8},"end":{"line":11,"column":9}},{"start":{"line":9,"column":8},"end":{"line":11,"column":9}}],"line":9},"3":{"loc":{"start":{"line":12,"column":8},"end":{"line":19,"column":9}},"type":"if","locations":[{"start":{"line":12,"column":8},"end":{"line":19,"column":9}},{"start":{"line":12,"column":8},"end":{"line":19,"column":9}}],"line":12},"4":{"loc":{"start":{"line":14,"column":16},"end":{"line":17,"column":42}},"type":"binary-expr","locations":[{"start":{"line":14,"column":16},"end":{"line":14,"column":40}},{"start":{"line":15,"column":19},"end":{"line":15,"column":45}},{"start":{"line":16,"column":19},"end":{"line":16,"column":40}},{"start":{"line":17,"column":19},"end":{"line":17,"column":42}}],"line":14},"5":{"loc":{"start":{"line":21,"column":8},"end":{"line":23,"column":9}},"type":"if","locations":[{"start":{"line":21,"column":8},"end":{"line":23,"column":9}},{"start":{"line":21,"column":8},"end":{"line":23,"column":9}}],"line":21}},"s":{"0":20,"1":19,"2":13,"3":19,"4":6,"5":19,"6":18,"7":19,"8":13,"9":20},"f":{"0":20},"b":{"0":[19,1],"1":[13,6],"2":[6,13],"3":[18,1],"4":[18,10,9,8],"5":[13,6]},"_coverageSchema":"332fd63041d2c1bcb487cc26dd0d5f7d97098a6c","hash":"91e6bf08edb7854ede934bc2bcc8e21b7fe423b1"}
,"/Users/davide.gheri/Code/analytics-adapter/src/setDimension/setDimension.js": {"path":"/Users/davide.gheri/Code/analytics-adapter/src/setDimension/setDimension.js","statementMap":{"0":{"start":{"line":5,"column":4},"end":{"line":16,"column":5}},"1":{"start":{"line":6,"column":8},"end":{"line":15,"column":11}},"2":{"start":{"line":7,"column":12},"end":{"line":7,"column":42}},"3":{"start":{"line":8,"column":12},"end":{"line":8,"column":38}},"4":{"start":{"line":10,"column":12},"end":{"line":10,"column":80}},"5":{"start":{"line":12,"column":12},"end":{"line":14,"column":13}},"6":{"start":{"line":13,"column":16},"end":{"line":13,"column":60}}},"fnMap":{"0":{"name":"(anonymous_0)","decl":{"start":{"line":3,"column":15},"end":{"line":3,"column":16}},"loc":{"start":{"line":3,"column":33},"end":{"line":17,"column":1}},"line":3},"1":{"name":"(anonymous_1)","decl":{"start":{"line":6,"column":42},"end":{"line":6,"column":43}},"loc":{"start":{"line":6,"column":51},"end":{"line":15,"column":9}},"line":6}},"branchMap":{"0":{"loc":{"start":{"line":5,"column":4},"end":{"line":16,"column":5}},"type":"if","locations":[{"start":{"line":5,"column":4},"end":{"line":16,"column":5}},{"start":{"line":5,"column":4},"end":{"line":16,"column":5}}],"line":5},"1":{"loc":{"start":{"line":12,"column":12},"end":{"line":14,"column":13}},"type":"if","locations":[{"start":{"line":12,"column":12},"end":{"line":14,"column":13}},{"start":{"line":12,"column":12},"end":{"line":14,"column":13}}],"line":12}},"s":{"0":3,"1":3,"2":4,"3":4,"4":4,"5":4,"6":3},"f":{"0":3,"1":4},"b":{"0":[3,0],"1":[3,1]},"_coverageSchema":"332fd63041d2c1bcb487cc26dd0d5f7d97098a6c","hash":"bf71521217c5a7fd5359d2fb1d43d490aa4a4e65"}
,"/Users/davide.gheri/Code/analytics-adapter/src/setId/setId.js": {"path":"/Users/davide.gheri/Code/analytics-adapter/src/setId/setId.js","statementMap":{"0":{"start":{"line":4,"column":4},"end":{"line":10,"column":5}},"1":{"start":{"line":5,"column":8},"end":{"line":5,"column":60}},"2":{"start":{"line":7,"column":8},"end":{"line":9,"column":9}},"3":{"start":{"line":8,"column":12},"end":{"line":8,"column":41}}},"fnMap":{"0":{"name":"(anonymous_0)","decl":{"start":{"line":3,"column":15},"end":{"line":3,"column":16}},"loc":{"start":{"line":3,"column":23},"end":{"line":11,"column":1}},"line":3}},"branchMap":{"0":{"loc":{"start":{"line":4,"column":4},"end":{"line":10,"column":5}},"type":"if","locations":[{"start":{"line":4,"column":4},"end":{"line":10,"column":5}},{"start":{"line":4,"column":4},"end":{"line":10,"column":5}}],"line":4},"1":{"loc":{"start":{"line":7,"column":8},"end":{"line":9,"column":9}},"type":"if","locations":[{"start":{"line":7,"column":8},"end":{"line":9,"column":9}},{"start":{"line":7,"column":8},"end":{"line":9,"column":9}}],"line":7}},"s":{"0":3,"1":2,"2":2,"3":1},"f":{"0":3},"b":{"0":[2,1],"1":[1,1]},"_coverageSchema":"332fd63041d2c1bcb487cc26dd0d5f7d97098a6c","hash":"6213ab9c8526d1e24729441128dd4500cc6bfdf8"}
,"/Users/davide.gheri/Code/analytics-adapter/src/trackEvent/trackEvent.js": {"path":"/Users/davide.gheri/Code/analytics-adapter/src/trackEvent/trackEvent.js","statementMap":{"0":{"start":{"line":4,"column":23},"end":{"line":6,"column":5}},"1":{"start":{"line":9,"column":4},"end":{"line":11,"column":5}},"2":{"start":{"line":10,"column":8},"end":{"line":10,"column":52}},"3":{"start":{"line":12,"column":4},"end":{"line":14,"column":5}},"4":{"start":{"line":13,"column":8},"end":{"line":13,"column":48}},"5":{"start":{"line":15,"column":4},"end":{"line":17,"column":5}},"6":{"start":{"line":16,"column":8},"end":{"line":16,"column":46}},"7":{"start":{"line":18,"column":4},"end":{"line":20,"column":5}},"8":{"start":{"line":19,"column":8},"end":{"line":19,"column":46}},"9":{"start":{"line":21,"column":4},"end":{"line":27,"column":5}},"10":{"start":{"line":22,"column":8},"end":{"line":26,"column":11}},"11":{"start":{"line":23,"column":12},"end":{"line":23,"column":42}},"12":{"start":{"line":24,"column":12},"end":{"line":24,"column":44}},"13":{"start":{"line":25,"column":12},"end":{"line":25,"column":51}},"14":{"start":{"line":29,"column":4},"end":{"line":29,"column":69}},"15":{"start":{"line":31,"column":4},"end":{"line":33,"column":5}},"16":{"start":{"line":32,"column":8},"end":{"line":32,"column":38}}},"fnMap":{"0":{"name":"(anonymous_0)","decl":{"start":{"line":3,"column":15},"end":{"line":3,"column":16}},"loc":{"start":{"line":3,"column":28},"end":{"line":34,"column":1}},"line":3},"1":{"name":"(anonymous_1)","decl":{"start":{"line":22,"column":48},"end":{"line":22,"column":49}},"loc":{"start":{"line":22,"column":57},"end":{"line":26,"column":9}},"line":22}},"branchMap":{"0":{"loc":{"start":{"line":9,"column":4},"end":{"line":11,"column":5}},"type":"if","locations":[{"start":{"line":9,"column":4},"end":{"line":11,"column":5}},{"start":{"line":9,"column":4},"end":{"line":11,"column":5}}],"line":9},"1":{"loc":{"start":{"line":12,"column":4},"end":{"line":14,"column":5}},"type":"if","locations":[{"start":{"line":12,"column":4},"end":{"line":14,"column":5}},{"start":{"line":12,"column":4},"end":{"line":14,"column":5}}],"line":12},"2":{"loc":{"start":{"line":15,"column":4},"end":{"line":17,"column":5}},"type":"if","locations":[{"start":{"line":15,"column":4},"end":{"line":17,"column":5}},{"start":{"line":15,"column":4},"end":{"line":17,"column":5}}],"line":15},"3":{"loc":{"start":{"line":18,"column":4},"end":{"line":20,"column":5}},"type":"if","locations":[{"start":{"line":18,"column":4},"end":{"line":20,"column":5}},{"start":{"line":18,"column":4},"end":{"line":20,"column":5}}],"line":18},"4":{"loc":{"start":{"line":21,"column":4},"end":{"line":27,"column":5}},"type":"if","locations":[{"start":{"line":21,"column":4},"end":{"line":27,"column":5}},{"start":{"line":21,"column":4},"end":{"line":27,"column":5}}],"line":21},"5":{"loc":{"start":{"line":31,"column":4},"end":{"line":33,"column":5}},"type":"if","locations":[{"start":{"line":31,"column":4},"end":{"line":33,"column":5}},{"start":{"line":31,"column":4},"end":{"line":33,"column":5}}],"line":31}},"s":{"0":3,"1":3,"2":3,"3":3,"4":3,"5":3,"6":3,"7":3,"8":3,"9":3,"10":1,"11":2,"12":2,"13":2,"14":3,"15":3,"16":2},"f":{"0":3,"1":2},"b":{"0":[3,0],"1":[3,0],"2":[3,0],"3":[3,0],"4":[1,2],"5":[2,1]},"_coverageSchema":"332fd63041d2c1bcb487cc26dd0d5f7d97098a6c","hash":"1ef459b52f09c6ec2c8896d304ca74002c8e6668"}
,"/Users/davide.gheri/Code/analytics-adapter/src/trackPage/trackPage.js": {"path":"/Users/davide.gheri/Code/analytics-adapter/src/trackPage/trackPage.js","statementMap":{"0":{"start":{"line":4,"column":23},"end":{"line":6,"column":5}},"1":{"start":{"line":9,"column":4},"end":{"line":11,"column":5}},"2":{"start":{"line":10,"column":8},"end":{"line":10,"column":39}},"3":{"start":{"line":12,"column":4},"end":{"line":14,"column":5}},"4":{"start":{"line":13,"column":8},"end":{"line":13,"column":41}},"5":{"start":{"line":15,"column":4},"end":{"line":21,"column":5}},"6":{"start":{"line":16,"column":8},"end":{"line":20,"column":11}},"7":{"start":{"line":17,"column":12},"end":{"line":17,"column":42}},"8":{"start":{"line":18,"column":12},"end":{"line":18,"column":44}},"9":{"start":{"line":19,"column":12},"end":{"line":19,"column":51}},"10":{"start":{"line":23,"column":4},"end":{"line":23,"column":72}},"11":{"start":{"line":25,"column":4},"end":{"line":27,"column":5}},"12":{"start":{"line":26,"column":8},"end":{"line":26,"column":38}}},"fnMap":{"0":{"name":"(anonymous_0)","decl":{"start":{"line":3,"column":15},"end":{"line":3,"column":16}},"loc":{"start":{"line":3,"column":28},"end":{"line":28,"column":1}},"line":3},"1":{"name":"(anonymous_1)","decl":{"start":{"line":16,"column":48},"end":{"line":16,"column":49}},"loc":{"start":{"line":16,"column":57},"end":{"line":20,"column":9}},"line":16}},"branchMap":{"0":{"loc":{"start":{"line":9,"column":4},"end":{"line":11,"column":5}},"type":"if","locations":[{"start":{"line":9,"column":4},"end":{"line":11,"column":5}},{"start":{"line":9,"column":4},"end":{"line":11,"column":5}}],"line":9},"1":{"loc":{"start":{"line":12,"column":4},"end":{"line":14,"column":5}},"type":"if","locations":[{"start":{"line":12,"column":4},"end":{"line":14,"column":5}},{"start":{"line":12,"column":4},"end":{"line":14,"column":5}}],"line":12},"2":{"loc":{"start":{"line":15,"column":4},"end":{"line":21,"column":5}},"type":"if","locations":[{"start":{"line":15,"column":4},"end":{"line":21,"column":5}},{"start":{"line":15,"column":4},"end":{"line":21,"column":5}}],"line":15},"3":{"loc":{"start":{"line":25,"column":4},"end":{"line":27,"column":5}},"type":"if","locations":[{"start":{"line":25,"column":4},"end":{"line":27,"column":5}},{"start":{"line":25,"column":4},"end":{"line":27,"column":5}}],"line":25}},"s":{"0":3,"1":3,"2":3,"3":3,"4":3,"5":3,"6":1,"7":2,"8":2,"9":2,"10":3,"11":3,"12":2},"f":{"0":3,"1":2},"b":{"0":[3,0],"1":[3,0],"2":[1,2],"3":[2,1]},"_coverageSchema":"332fd63041d2c1bcb487cc26dd0d5f7d97098a6c","hash":"e1838aafe2489dad8916a8b95a7ec07e210d0679"}
}
