{"/Users/aurelio.merenda/Projects/analytics-adapter/src/init/init.js": {"path":"/Users/aurelio.merenda/Projects/analytics-adapter/src/init/init.js","statementMap":{"0":{"start":{"line":65,"column":4},"end":{"line":85,"column":5}},"1":{"start":{"line":66,"column":8},"end":{"line":68,"column":9}},"2":{"start":{"line":67,"column":12},"end":{"line":67,"column":35}},"3":{"start":{"line":70,"column":8},"end":{"line":72,"column":9}},"4":{"start":{"line":71,"column":12},"end":{"line":71,"column":51}},"5":{"start":{"line":73,"column":8},"end":{"line":80,"column":9}},"6":{"start":{"line":74,"column":12},"end":{"line":79,"column":14}},"7":{"start":{"line":82,"column":8},"end":{"line":84,"column":9}},"8":{"start":{"line":83,"column":12},"end":{"line":83,"column":43}},"9":{"start":{"line":87,"column":4},"end":{"line":87,"column":58}}},"fnMap":{"0":{"name":"(anonymous_0)","decl":{"start":{"line":64,"column":15},"end":{"line":64,"column":16}},"loc":{"start":{"line":64,"column":28},"end":{"line":88,"column":1}},"line":64}},"branchMap":{"0":{"loc":{"start":{"line":65,"column":4},"end":{"line":85,"column":5}},"type":"if","locations":[{"start":{"line":65,"column":4},"end":{"line":85,"column":5}},{"start":{"line":65,"column":4},"end":{"line":85,"column":5}}],"line":65},"1":{"loc":{"start":{"line":66,"column":8},"end":{"line":68,"column":9}},"type":"if","locations":[{"start":{"line":66,"column":8},"end":{"line":68,"column":9}},{"start":{"line":66,"column":8},"end":{"line":68,"column":9}}],"line":66},"2":{"loc":{"start":{"line":70,"column":8},"end":{"line":72,"column":9}},"type":"if","locations":[{"start":{"line":70,"column":8},"end":{"line":72,"column":9}},{"start":{"line":70,"column":8},"end":{"line":72,"column":9}}],"line":70},"3":{"loc":{"start":{"line":73,"column":8},"end":{"line":80,"column":9}},"type":"if","locations":[{"start":{"line":73,"column":8},"end":{"line":80,"column":9}},{"start":{"line":73,"column":8},"end":{"line":80,"column":9}}],"line":73},"4":{"loc":{"start":{"line":75,"column":16},"end":{"line":78,"column":42}},"type":"binary-expr","locations":[{"start":{"line":75,"column":16},"end":{"line":75,"column":40}},{"start":{"line":76,"column":19},"end":{"line":76,"column":45}},{"start":{"line":77,"column":19},"end":{"line":77,"column":40}},{"start":{"line":78,"column":19},"end":{"line":78,"column":42}}],"line":75},"5":{"loc":{"start":{"line":82,"column":8},"end":{"line":84,"column":9}},"type":"if","locations":[{"start":{"line":82,"column":8},"end":{"line":84,"column":9}},{"start":{"line":82,"column":8},"end":{"line":84,"column":9}}],"line":82}},"s":{"0":20,"1":19,"2":13,"3":19,"4":6,"5":19,"6":18,"7":19,"8":13,"9":20},"f":{"0":20},"b":{"0":[19,1],"1":[13,6],"2":[6,13],"3":[18,1],"4":[18,10,9,8],"5":[13,6]},"_coverageSchema":"332fd63041d2c1bcb487cc26dd0d5f7d97098a6c","hash":"aaf24e6368ef448359edae2267622e2ed7462e14"}
,"/Users/aurelio.merenda/Projects/analytics-adapter/src/setDimension/setDimension.js": {"path":"/Users/aurelio.merenda/Projects/analytics-adapter/src/setDimension/setDimension.js","statementMap":{"0":{"start":{"line":32,"column":4},"end":{"line":43,"column":5}},"1":{"start":{"line":33,"column":8},"end":{"line":42,"column":11}},"2":{"start":{"line":34,"column":12},"end":{"line":34,"column":42}},"3":{"start":{"line":35,"column":12},"end":{"line":35,"column":38}},"4":{"start":{"line":37,"column":12},"end":{"line":37,"column":80}},"5":{"start":{"line":39,"column":12},"end":{"line":41,"column":13}},"6":{"start":{"line":40,"column":16},"end":{"line":40,"column":60}}},"fnMap":{"0":{"name":"(anonymous_0)","decl":{"start":{"line":30,"column":15},"end":{"line":30,"column":16}},"loc":{"start":{"line":30,"column":33},"end":{"line":44,"column":1}},"line":30},"1":{"name":"(anonymous_1)","decl":{"start":{"line":33,"column":42},"end":{"line":33,"column":43}},"loc":{"start":{"line":33,"column":51},"end":{"line":42,"column":9}},"line":33}},"branchMap":{"0":{"loc":{"start":{"line":32,"column":4},"end":{"line":43,"column":5}},"type":"if","locations":[{"start":{"line":32,"column":4},"end":{"line":43,"column":5}},{"start":{"line":32,"column":4},"end":{"line":43,"column":5}}],"line":32},"1":{"loc":{"start":{"line":39,"column":12},"end":{"line":41,"column":13}},"type":"if","locations":[{"start":{"line":39,"column":12},"end":{"line":41,"column":13}},{"start":{"line":39,"column":12},"end":{"line":41,"column":13}}],"line":39}},"s":{"0":3,"1":3,"2":4,"3":4,"4":4,"5":4,"6":3},"f":{"0":3,"1":4},"b":{"0":[3,0],"1":[3,1]},"_coverageSchema":"332fd63041d2c1bcb487cc26dd0d5f7d97098a6c","hash":"a910d5fc2953d73c3cf698640e438e4a4e89f4ea"}
,"/Users/aurelio.merenda/Projects/analytics-adapter/src/setId/setId.js": {"path":"/Users/aurelio.merenda/Projects/analytics-adapter/src/setId/setId.js","statementMap":{"0":{"start":{"line":13,"column":4},"end":{"line":19,"column":5}},"1":{"start":{"line":14,"column":8},"end":{"line":14,"column":60}},"2":{"start":{"line":16,"column":8},"end":{"line":18,"column":9}},"3":{"start":{"line":17,"column":12},"end":{"line":17,"column":41}}},"fnMap":{"0":{"name":"(anonymous_0)","decl":{"start":{"line":12,"column":15},"end":{"line":12,"column":16}},"loc":{"start":{"line":12,"column":23},"end":{"line":20,"column":1}},"line":12}},"branchMap":{"0":{"loc":{"start":{"line":13,"column":4},"end":{"line":19,"column":5}},"type":"if","locations":[{"start":{"line":13,"column":4},"end":{"line":19,"column":5}},{"start":{"line":13,"column":4},"end":{"line":19,"column":5}}],"line":13},"1":{"loc":{"start":{"line":16,"column":8},"end":{"line":18,"column":9}},"type":"if","locations":[{"start":{"line":16,"column":8},"end":{"line":18,"column":9}},{"start":{"line":16,"column":8},"end":{"line":18,"column":9}}],"line":16}},"s":{"0":3,"1":2,"2":2,"3":1},"f":{"0":3},"b":{"0":[2,1],"1":[1,1]},"_coverageSchema":"332fd63041d2c1bcb487cc26dd0d5f7d97098a6c","hash":"5b3271d9356f81b24f3156cf886c683b05fa967b"}
,"/Users/aurelio.merenda/Projects/analytics-adapter/src/trackEvent/trackEvent.js": {"path":"/Users/aurelio.merenda/Projects/analytics-adapter/src/trackEvent/trackEvent.js","statementMap":{"0":{"start":{"line":30,"column":23},"end":{"line":32,"column":5}},"1":{"start":{"line":35,"column":4},"end":{"line":37,"column":5}},"2":{"start":{"line":36,"column":8},"end":{"line":36,"column":52}},"3":{"start":{"line":38,"column":4},"end":{"line":40,"column":5}},"4":{"start":{"line":39,"column":8},"end":{"line":39,"column":48}},"5":{"start":{"line":41,"column":4},"end":{"line":43,"column":5}},"6":{"start":{"line":42,"column":8},"end":{"line":42,"column":46}},"7":{"start":{"line":44,"column":4},"end":{"line":46,"column":5}},"8":{"start":{"line":45,"column":8},"end":{"line":45,"column":46}},"9":{"start":{"line":47,"column":4},"end":{"line":53,"column":5}},"10":{"start":{"line":48,"column":8},"end":{"line":52,"column":11}},"11":{"start":{"line":49,"column":12},"end":{"line":49,"column":42}},"12":{"start":{"line":50,"column":12},"end":{"line":50,"column":44}},"13":{"start":{"line":51,"column":12},"end":{"line":51,"column":51}},"14":{"start":{"line":55,"column":4},"end":{"line":55,"column":69}},"15":{"start":{"line":57,"column":4},"end":{"line":59,"column":5}},"16":{"start":{"line":58,"column":8},"end":{"line":58,"column":38}}},"fnMap":{"0":{"name":"(anonymous_0)","decl":{"start":{"line":29,"column":15},"end":{"line":29,"column":16}},"loc":{"start":{"line":29,"column":28},"end":{"line":60,"column":1}},"line":29},"1":{"name":"(anonymous_1)","decl":{"start":{"line":48,"column":48},"end":{"line":48,"column":49}},"loc":{"start":{"line":48,"column":57},"end":{"line":52,"column":9}},"line":48}},"branchMap":{"0":{"loc":{"start":{"line":35,"column":4},"end":{"line":37,"column":5}},"type":"if","locations":[{"start":{"line":35,"column":4},"end":{"line":37,"column":5}},{"start":{"line":35,"column":4},"end":{"line":37,"column":5}}],"line":35},"1":{"loc":{"start":{"line":38,"column":4},"end":{"line":40,"column":5}},"type":"if","locations":[{"start":{"line":38,"column":4},"end":{"line":40,"column":5}},{"start":{"line":38,"column":4},"end":{"line":40,"column":5}}],"line":38},"2":{"loc":{"start":{"line":41,"column":4},"end":{"line":43,"column":5}},"type":"if","locations":[{"start":{"line":41,"column":4},"end":{"line":43,"column":5}},{"start":{"line":41,"column":4},"end":{"line":43,"column":5}}],"line":41},"3":{"loc":{"start":{"line":44,"column":4},"end":{"line":46,"column":5}},"type":"if","locations":[{"start":{"line":44,"column":4},"end":{"line":46,"column":5}},{"start":{"line":44,"column":4},"end":{"line":46,"column":5}}],"line":44},"4":{"loc":{"start":{"line":47,"column":4},"end":{"line":53,"column":5}},"type":"if","locations":[{"start":{"line":47,"column":4},"end":{"line":53,"column":5}},{"start":{"line":47,"column":4},"end":{"line":53,"column":5}}],"line":47},"5":{"loc":{"start":{"line":57,"column":4},"end":{"line":59,"column":5}},"type":"if","locations":[{"start":{"line":57,"column":4},"end":{"line":59,"column":5}},{"start":{"line":57,"column":4},"end":{"line":59,"column":5}}],"line":57}},"s":{"0":3,"1":3,"2":3,"3":3,"4":3,"5":3,"6":3,"7":3,"8":3,"9":3,"10":1,"11":2,"12":2,"13":2,"14":3,"15":3,"16":2},"f":{"0":3,"1":2},"b":{"0":[3,0],"1":[3,0],"2":[3,0],"3":[3,0],"4":[1,2],"5":[2,1]},"_coverageSchema":"332fd63041d2c1bcb487cc26dd0d5f7d97098a6c","hash":"26e6ceb554109967fabcd501b4d1212aaf8bbe9e"}
,"/Users/aurelio.merenda/Projects/analytics-adapter/src/trackPage/trackPage.js": {"path":"/Users/aurelio.merenda/Projects/analytics-adapter/src/trackPage/trackPage.js","statementMap":{"0":{"start":{"line":27,"column":23},"end":{"line":29,"column":5}},"1":{"start":{"line":32,"column":4},"end":{"line":34,"column":5}},"2":{"start":{"line":33,"column":8},"end":{"line":33,"column":39}},"3":{"start":{"line":35,"column":4},"end":{"line":37,"column":5}},"4":{"start":{"line":36,"column":8},"end":{"line":36,"column":41}},"5":{"start":{"line":38,"column":4},"end":{"line":44,"column":5}},"6":{"start":{"line":39,"column":8},"end":{"line":43,"column":11}},"7":{"start":{"line":40,"column":12},"end":{"line":40,"column":42}},"8":{"start":{"line":41,"column":12},"end":{"line":41,"column":44}},"9":{"start":{"line":42,"column":12},"end":{"line":42,"column":51}},"10":{"start":{"line":46,"column":4},"end":{"line":46,"column":72}},"11":{"start":{"line":48,"column":4},"end":{"line":50,"column":5}},"12":{"start":{"line":49,"column":8},"end":{"line":49,"column":38}}},"fnMap":{"0":{"name":"(anonymous_0)","decl":{"start":{"line":26,"column":15},"end":{"line":26,"column":16}},"loc":{"start":{"line":26,"column":28},"end":{"line":51,"column":1}},"line":26},"1":{"name":"(anonymous_1)","decl":{"start":{"line":39,"column":48},"end":{"line":39,"column":49}},"loc":{"start":{"line":39,"column":57},"end":{"line":43,"column":9}},"line":39}},"branchMap":{"0":{"loc":{"start":{"line":32,"column":4},"end":{"line":34,"column":5}},"type":"if","locations":[{"start":{"line":32,"column":4},"end":{"line":34,"column":5}},{"start":{"line":32,"column":4},"end":{"line":34,"column":5}}],"line":32},"1":{"loc":{"start":{"line":35,"column":4},"end":{"line":37,"column":5}},"type":"if","locations":[{"start":{"line":35,"column":4},"end":{"line":37,"column":5}},{"start":{"line":35,"column":4},"end":{"line":37,"column":5}}],"line":35},"2":{"loc":{"start":{"line":38,"column":4},"end":{"line":44,"column":5}},"type":"if","locations":[{"start":{"line":38,"column":4},"end":{"line":44,"column":5}},{"start":{"line":38,"column":4},"end":{"line":44,"column":5}}],"line":38},"3":{"loc":{"start":{"line":48,"column":4},"end":{"line":50,"column":5}},"type":"if","locations":[{"start":{"line":48,"column":4},"end":{"line":50,"column":5}},{"start":{"line":48,"column":4},"end":{"line":50,"column":5}}],"line":48}},"s":{"0":3,"1":3,"2":3,"3":3,"4":3,"5":3,"6":1,"7":2,"8":2,"9":2,"10":3,"11":3,"12":2},"f":{"0":3,"1":2},"b":{"0":[3,0],"1":[3,0],"2":[1,2],"3":[2,1]},"_coverageSchema":"332fd63041d2c1bcb487cc26dd0d5f7d97098a6c","hash":"7633cc0c2fdf247f9b72dd57339eaa4581429568"}
}
