TN:
SF:/Users/aurelio.merenda/Projects/analytics-adapter/src/init/init.js
FN:64,(anonymous_0)
FNF:1
FNH:1
FNDA:20,(anonymous_0)
DA:65,20
DA:66,19
DA:67,13
DA:70,19
DA:71,6
DA:73,19
DA:74,18
DA:82,19
DA:83,13
DA:87,20
LF:10
LH:10
BRDA:65,0,0,19
BRDA:65,0,1,1
BRDA:66,1,0,13
BRDA:66,1,1,6
BRDA:70,2,0,6
BRDA:70,2,1,13
BRDA:73,3,0,18
BRDA:73,3,1,1
BRDA:75,4,0,18
BRDA:75,4,1,10
BRDA:75,4,2,9
BRDA:75,4,3,8
BRDA:82,5,0,13
BRDA:82,5,1,6
BRF:14
BRH:14
end_of_record
TN:
SF:/Users/aurelio.merenda/Projects/analytics-adapter/src/setDimension/setDimension.js
FN:30,(anonymous_0)
FN:33,(anonymous_1)
FNF:2
FNH:2
FNDA:3,(anonymous_0)
FNDA:4,(anonymous_1)
DA:32,3
DA:33,3
DA:34,4
DA:35,4
DA:37,4
DA:39,4
DA:40,3
LF:7
LH:7
BRDA:32,0,0,3
BRDA:32,0,1,0
BRDA:39,1,0,3
BRDA:39,1,1,1
BRF:4
BRH:3
end_of_record
TN:
SF:/Users/aurelio.merenda/Projects/analytics-adapter/src/setId/setId.js
FN:12,(anonymous_0)
FNF:1
FNH:1
FNDA:3,(anonymous_0)
DA:13,3
DA:14,2
DA:16,2
DA:17,1
LF:4
LH:4
BRDA:13,0,0,2
BRDA:13,0,1,1
BRDA:16,1,0,1
BRDA:16,1,1,1
BRF:4
BRH:4
end_of_record
TN:
SF:/Users/aurelio.merenda/Projects/analytics-adapter/src/trackEvent/trackEvent.js
FN:29,(anonymous_0)
FN:48,(anonymous_1)
FNF:2
FNH:2
FNDA:3,(anonymous_0)
FNDA:2,(anonymous_1)
DA:30,3
DA:35,3
DA:36,3
DA:38,3
DA:39,3
DA:41,3
DA:42,3
DA:44,3
DA:45,3
DA:47,3
DA:48,1
DA:49,2
DA:50,2
DA:51,2
DA:55,3
DA:57,3
DA:58,2
LF:17
LH:17
BRDA:35,0,0,3
BRDA:35,0,1,0
BRDA:38,1,0,3
BRDA:38,1,1,0
BRDA:41,2,0,3
BRDA:41,2,1,0
BRDA:44,3,0,3
BRDA:44,3,1,0
BRDA:47,4,0,1
BRDA:47,4,1,2
BRDA:57,5,0,2
BRDA:57,5,1,1
BRF:12
BRH:8
end_of_record
TN:
SF:/Users/aurelio.merenda/Projects/analytics-adapter/src/trackPage/trackPage.js
FN:26,(anonymous_0)
FN:39,(anonymous_1)
FNF:2
FNH:2
FNDA:3,(anonymous_0)
FNDA:2,(anonymous_1)
DA:27,3
DA:32,3
DA:33,3
DA:35,3
DA:36,3
DA:38,3
DA:39,1
DA:40,2
DA:41,2
DA:42,2
DA:46,3
DA:48,3
DA:49,2
LF:13
LH:13
BRDA:32,0,0,3
BRDA:32,0,1,0
BRDA:35,1,0,3
BRDA:35,1,1,0
BRDA:38,2,0,1
BRDA:38,2,1,2
BRDA:48,3,0,2
BRDA:48,3,1,1
BRF:8
BRH:6
end_of_record
