TN:
SF:/Users/davide.gheri/Code/analytics-adapter/_old/src/main.js
FN:8,(anonymous_0)
FN:13,(anonymous_1)
FN:14,(anonymous_2)
FN:15,(anonymous_3)
FN:16,(anonymous_4)
FN:17,(anonymous_5)
FN:89,(anonymous_6)
FN:116,(anonymous_7)
FN:158,(anonymous_8)
FN:190,(anonymous_9)
FN:249,(anonymous_10)
FNF:11
FNH:6
FNDA:1,(anonymous_0)
FNDA:0,(anonymous_1)
FNDA:0,(anonymous_2)
FNDA:0,(anonymous_3)
FNDA:0,(anonymous_4)
FNDA:0,(anonymous_5)
FNDA:12,(anonymous_6)
FNDA:3,(anonymous_7)
FNDA:5,(anonymous_8)
FNDA:2,(anonymous_9)
FNDA:2,(anonymous_10)
DA:8,1
DA:10,1
DA:11,1
DA:12,1
DA:89,1
DA:90,12
DA:91,12
DA:92,12
DA:94,12
DA:95,12
DA:99,12
DA:100,12
DA:104,12
DA:116,1
DA:117,3
DA:118,2
DA:120,2
DA:121,2
DA:158,1
DA:160,5
DA:161,5
DA:162,6
DA:163,6
DA:164,6
DA:166,6
DA:168,6
DA:169,6
DA:190,1
DA:191,2
DA:196,2
DA:197,2
DA:199,2
DA:200,2
DA:202,2
DA:203,2
DA:204,4
DA:205,4
DA:206,4
DA:207,4
DA:212,2
DA:214,2
DA:215,2
DA:249,1
DA:250,2
DA:255,2
DA:256,2
DA:258,2
DA:259,2
DA:261,2
DA:262,2
DA:264,2
DA:265,2
DA:267,2
DA:268,2
DA:269,4
DA:270,4
DA:271,4
DA:272,4
DA:277,2
DA:279,2
DA:280,2
LF:61
LH:61
BRDA:90,0,0,12
BRDA:90,0,1,0
BRDA:91,1,0,12
BRDA:91,1,1,0
BRDA:94,2,0,12
BRDA:94,2,1,0
BRDA:99,3,0,12
BRDA:99,3,1,0
BRDA:117,4,0,2
BRDA:117,4,1,1
BRDA:120,5,0,2
BRDA:120,5,1,0
BRDA:160,6,0,5
BRDA:160,6,1,0
BRDA:162,7,0,6
BRDA:162,7,1,0
BRDA:168,8,0,6
BRDA:168,8,1,0
BRDA:196,9,0,2
BRDA:196,9,1,0
BRDA:199,10,0,2
BRDA:199,10,1,0
BRDA:202,11,0,2
BRDA:202,11,1,0
BRDA:204,12,0,4
BRDA:204,12,1,0
BRDA:214,13,0,2
BRDA:214,13,1,0
BRDA:255,14,0,2
BRDA:255,14,1,0
BRDA:258,15,0,2
BRDA:258,15,1,0
BRDA:261,16,0,2
BRDA:261,16,1,0
BRDA:264,17,0,2
BRDA:264,17,1,0
BRDA:267,18,0,2
BRDA:267,18,1,0
BRDA:269,19,0,4
BRDA:269,19,1,0
BRDA:279,20,0,2
BRDA:279,20,1,0
BRF:42
BRH:22
end_of_record
TN:
SF:/Users/davide.gheri/Code/analytics-adapter/src/global.js
FN:6,(anonymous_0)
FN:7,(anonymous_1)
FN:8,(anonymous_2)
FN:9,(anonymous_3)
FN:10,(anonymous_4)
FNF:5
FNH:0
FNDA:0,(anonymous_0)
FNDA:0,(anonymous_1)
FNDA:0,(anonymous_2)
FNDA:0,(anonymous_3)
FNDA:0,(anonymous_4)
LF:0
LH:0
BRF:0
BRH:0
end_of_record
TN:
SF:/Users/davide.gheri/Code/analytics-adapter/src/init/init.js
FN:3,(anonymous_0)
FNF:1
FNH:1
FNDA:20,(anonymous_0)
DA:4,20
DA:5,19
DA:6,13
DA:9,19
DA:10,6
DA:12,19
DA:13,18
DA:21,19
DA:22,13
DA:26,20
LF:10
LH:10
BRDA:4,0,0,19
BRDA:4,0,1,1
BRDA:5,1,0,13
BRDA:5,1,1,6
BRDA:9,2,0,6
BRDA:9,2,1,13
BRDA:12,3,0,18
BRDA:12,3,1,1
BRDA:14,4,0,18
BRDA:14,4,1,10
BRDA:14,4,2,9
BRDA:14,4,3,8
BRDA:21,5,0,13
BRDA:21,5,1,6
BRF:14
BRH:14
end_of_record
TN:
SF:/Users/davide.gheri/Code/analytics-adapter/src/setDimension/setDimension.js
FN:3,(anonymous_0)
FN:6,(anonymous_1)
FNF:2
FNH:2
FNDA:3,(anonymous_0)
FNDA:4,(anonymous_1)
DA:5,3
DA:6,3
DA:7,4
DA:8,4
DA:10,4
DA:12,4
DA:13,3
LF:7
LH:7
BRDA:5,0,0,3
BRDA:5,0,1,0
BRDA:12,1,0,3
BRDA:12,1,1,1
BRF:4
BRH:3
end_of_record
TN:
SF:/Users/davide.gheri/Code/analytics-adapter/src/setId/setId.js
FN:3,(anonymous_0)
FNF:1
FNH:1
FNDA:3,(anonymous_0)
DA:4,3
DA:5,2
DA:7,2
DA:8,1
LF:4
LH:4
BRDA:4,0,0,2
BRDA:4,0,1,1
BRDA:7,1,0,1
BRDA:7,1,1,1
BRF:4
BRH:4
end_of_record
TN:
SF:/Users/davide.gheri/Code/analytics-adapter/src/trackEvent/trackEvent.js
FN:3,(anonymous_0)
FN:22,(anonymous_1)
FNF:2
FNH:2
FNDA:3,(anonymous_0)
FNDA:2,(anonymous_1)
DA:4,3
DA:9,3
DA:10,3
DA:12,3
DA:13,3
DA:15,3
DA:16,3
DA:18,3
DA:19,3
DA:21,3
DA:22,1
DA:23,2
DA:24,2
DA:25,2
DA:29,3
DA:31,3
DA:32,2
LF:17
LH:17
BRDA:9,0,0,3
BRDA:9,0,1,0
BRDA:12,1,0,3
BRDA:12,1,1,0
BRDA:15,2,0,3
BRDA:15,2,1,0
BRDA:18,3,0,3
BRDA:18,3,1,0
BRDA:21,4,0,1
BRDA:21,4,1,2
BRDA:31,5,0,2
BRDA:31,5,1,1
BRF:12
BRH:8
end_of_record
TN:
SF:/Users/davide.gheri/Code/analytics-adapter/src/trackPage/trackPage.js
FN:3,(anonymous_0)
FN:16,(anonymous_1)
FNF:2
FNH:2
FNDA:3,(anonymous_0)
FNDA:2,(anonymous_1)
DA:4,3
DA:9,3
DA:10,3
DA:12,3
DA:13,3
DA:15,3
DA:16,1
DA:17,2
DA:18,2
DA:19,2
DA:23,3
DA:25,3
DA:26,2
LF:13
LH:13
BRDA:9,0,0,3
BRDA:9,0,1,0
BRDA:12,1,0,3
BRDA:12,1,1,0
BRDA:15,2,0,1
BRDA:15,2,1,2
BRDA:25,3,0,2
BRDA:25,3,1,1
BRF:8
BRH:6
end_of_record
